<?xml version="1.0" encoding="UTF-8"?>
<!-- Generated by org.testng.reporters.JUnitReportReporter -->
<testsuite hostname="DESKTOP-OSM8RH8" failures="0" tests="4" name="tests.Register" time="66.287" errors="0" timestamp="2024-08-01T09:53:23 IST" skipped="0">
  <testcase classname="tests.Register" name="VerifyRegisterBydata" time="15.150"/>
  <system-out/>
  <testcase classname="tests.Register" name="VerifyRegisterBydata" time="15.068"/>
  <system-out/>
  <testcase classname="tests.Register" name="VerifyRegisterBydata" time="21.058"/>
  <system-out/>
  <testcase classname="tests.Register" name="VerifyRegisterBydata" time="15.011"/>
  <system-out/>
</testsuite> <!-- tests.Register -->
