<?xml version="1.0" encoding="UTF-8"?>
<!-- Generated by org.testng.reporters.JUnitReportReporter -->
<testsuite hostname="DESKTOP-OSM8RH8" failures="0" tests="1" name="tests.search" time="40.471" errors="0" timestamp="2024-07-31T12:46:56 IST" skipped="0">
  <testcase classname="tests.search" name="VerifySearchFunctionality" time="40.471"/>
  <system-out/>
</testsuite> <!-- tests.search -->
